<?xml version="1.0" encoding="UTF-8"?>
<testsuite xmlns:xsi="http://www.w3.org/2001/XMLSchema-instance" xsi:noNamespaceSchemaLocation="https://maven.apache.org/surefire/maven-surefire-plugin/xsd/surefire-test-report.xsd" name="com.example.Authentication.AuthenticationApplicationTests" time="11.723" tests="4" errors="0" skipped="0" failures="2">
  <properties>
[...]
</properties>
  <testcase name="countUsers" classname="com.example.Authentication.AuthenticationApplicationTests" time="0.804">
    <failure message="expected: &lt;0&gt; but was: &lt;4&gt;" type="org.opentest4j.AssertionFailedError"><![CDATA[org.opentest4j.AssertionFailedError: expected: <0> but was: <4>
	at com.example.Authentication.AuthenticationApplicationTests.countUsers(AuthenticationApplicationTests.java:44)
]]></failure>
    <system-out><![CDATA[10:52:49.397 [main] DEBUG org.springframework.test.context.BootstrapUtils - Instantiating CacheAwareContextLoaderDelegate from class [org.springframework.test.context.cache.DefaultCacheAwareContextLoaderDelegate]
10:52:49.438 [main] DEBUG org.springframework.test.context.BootstrapUtils - Instantiating BootstrapContext using constructor [public org.springframework.test.context.support.DefaultBootstrapContext(java.lang.Class,org.springframework.test.context.CacheAwareContextLoaderDelegate)]
10:52:49.481 [main] DEBUG org.springframework.test.context.BootstrapUtils - Instantiating TestContextBootstrapper for test class [com.example.Authentication.AuthenticationApplicationTests] from class [org.springframework.boot.test.context.SpringBootTestContextBootstrapper]
10:52:49.510 [main] INFO org.springframework.boot.test.context.SpringBootTestContextBootstrapper - Neither @ContextConfiguration nor @ContextHierarchy found for test class [com.example.Authentication.AuthenticationApplicationTests], using SpringBootContextLoader
10:52:49.514 [main] DEBUG org.springframework.test.context.support.AbstractContextLoader - Did not detect default resource location for test class [com.example.Authentication.AuthenticationApplicationTests]: class path resource [com/example/Authentication/AuthenticationApplicationTests-context.xml] does not exist
10:52:49.514 [main] DEBUG org.springframework.test.context.support.AbstractContextLoader - Did not detect default resource location for test class [com.example.Authentication.AuthenticationApplicationTests]: class path resource [com/example/Authentication/AuthenticationApplicationTestsContext.groovy] does not exist
10:52:49.514 [main] INFO org.springframework.test.context.support.AbstractContextLoader - Could not detect default resource locations for test class [com.example.Authentication.AuthenticationApplicationTests]: no resource found for suffixes {-context.xml, Context.groovy}.
10:52:49.515 [main] INFO org.springframework.test.context.support.AnnotationConfigContextLoaderUtils - Could not detect default configuration classes for test class [com.example.Authentication.AuthenticationApplicationTests]: AuthenticationApplicationTests does not declare any static, non-private, non-final, nested classes annotated with @Configuration.
10:52:49.624 [main] DEBUG org.springframework.test.context.support.ActiveProfilesUtils - Could not find an 'annotation declaring class' for annotation type [org.springframework.test.context.ActiveProfiles] and class [com.example.Authentication.AuthenticationApplicationTests]
10:52:49.677 [main] DEBUG org.springframework.context.annotation.ClassPathScanningCandidateComponentProvider - Identified candidate component class: file [C:\Users\Prashi\Downloads\Authentication-master\target\classes\com\example\Authentication\AuthenticationApplication.class]
10:52:49.678 [main] INFO org.springframework.boot.test.context.SpringBootTestContextBootstrapper - Found @SpringBootConfiguration com.example.Authentication.AuthenticationApplication for test class com.example.Authentication.AuthenticationApplicationTests
10:52:49.806 [main] DEBUG org.springframework.boot.test.context.SpringBootTestContextBootstrapper - @TestExecutionListeners is not present for class [com.example.Authentication.AuthenticationApplicationTests]: using defaults.
10:52:49.806 [main] INFO org.springframework.boot.test.context.SpringBootTestContextBootstrapper - Loaded default TestExecutionListener class names from location [META-INF/spring.factories]: [org.springframework.boot.test.mock.mockito.MockitoTestExecutionListener, org.springframework.boot.test.mock.mockito.ResetMocksTestExecutionListener, org.springframework.boot.test.autoconfigure.restdocs.RestDocsTestExecutionListener, org.springframework.boot.test.autoconfigure.web.client.MockRestServiceServerResetTestExecutionListener, org.springframework.boot.test.autoconfigure.web.servlet.MockMvcPrintOnlyOnFailureTestExecutionListener, org.springframework.boot.test.autoconfigure.web.servlet.WebDriverTestExecutionListener, org.springframework.boot.test.autoconfigure.webservices.client.MockWebServiceServerTestExecutionListener, org.springframework.test.context.web.ServletTestExecutionListener, org.springframework.test.context.support.DirtiesContextBeforeModesTestExecutionListener, org.springframework.test.context.event.ApplicationEventsTestExecutionListener, org.springframework.test.context.support.DependencyInjectionTestExecutionListener, org.springframework.test.context.support.DirtiesContextTestExecutionListener, org.springframework.test.context.transaction.TransactionalTestExecutionListener, org.springframework.test.context.jdbc.SqlScriptsTestExecutionListener, org.springframework.test.context.event.EventPublishingTestExecutionListener]
10:52:49.844 [main] INFO org.springframework.boot.test.context.SpringBootTestContextBootstrapper - Using TestExecutionListeners: [org.springframework.test.context.web.ServletTestExecutionListener@4d18aa28, org.springframework.test.context.support.DirtiesContextBeforeModesTestExecutionListener@75390459, org.springframework.test.context.event.ApplicationEventsTestExecutionListener@7756c3cd, org.springframework.boot.test.mock.mockito.MockitoTestExecutionListener@2313052e, org.springframework.boot.test.autoconfigure.SpringBootDependencyInjectionTestExecutionListener@2bd2b28e, org.springframework.test.context.support.DirtiesContextTestExecutionListener@16746061, org.springframework.test.context.transaction.TransactionalTestExecutionListener@57fd91c9, org.springframework.test.context.jdbc.SqlScriptsTestExecutionListener@6cfcd46d, org.springframework.test.context.event.EventPublishingTestExecutionListener@52045dbe, org.springframework.boot.test.mock.mockito.ResetMocksTestExecutionListener@674658f7, org.springframework.boot.test.autoconfigure.restdocs.RestDocsTestExecutionListener@5c8eee0f, org.springframework.boot.test.autoconfigure.web.client.MockRestServiceServerResetTestExecutionListener@565b064f, org.springframework.boot.test.autoconfigure.web.servlet.MockMvcPrintOnlyOnFailureTestExecutionListener@26425897, org.springframework.boot.test.autoconfigure.web.servlet.WebDriverTestExecutionListener@73163d48, org.springframework.boot.test.autoconfigure.webservices.client.MockWebServiceServerTestExecutionListener@58c34bb3]
10:52:49.848 [main] DEBUG org.springframework.test.context.support.AbstractDirtiesContextTestExecutionListener - Before test class: context [DefaultTestContext@63b1d4fa testClass = AuthenticationApplicationTests, testInstance = [null], testMethod = [null], testException = [null], mergedContextConfiguration = [WebMergedContextConfiguration@42e3ede4 testClass = AuthenticationApplicationTests, locations = '{}', classes = '{class com.example.Authentication.AuthenticationApplication}', contextInitializerClasses = '[]', activeProfiles = '{}', propertySourceLocations = '{}', propertySourceProperties = '{org.springframework.boot.test.context.SpringBootTestContextBootstrapper=true}', contextCustomizers = set[org.springframework.boot.test.context.filter.ExcludeFilterContextCustomizer@2812b107, org.springframework.boot.test.json.DuplicateJsonObjectContextCustomizerFactory$DuplicateJsonObjectContextCustomizer@1a72a540, org.springframework.boot.test.mock.mockito.MockitoContextCustomizer@0, org.springframework.boot.test.web.client.TestRestTemplateContextCustomizer@45d2ade3, org.springframework.boot.test.autoconfigure.actuate.metrics.MetricsExportContextCustomizerFactory$DisableMetricExportContextCustomizer@6676f6a0, org.springframework.boot.test.autoconfigure.properties.PropertyMappingContextCustomizer@0, org.springframework.boot.test.autoconfigure.web.servlet.WebDriverContextCustomizerFactory$Customizer@352c1b98, org.springframework.boot.test.context.SpringBootTestArgs@1, org.springframework.boot.test.context.SpringBootTestWebEnvironment@2145b572], resourceBasePath = 'src/main/webapp', contextLoader = 'org.springframework.boot.test.context.SpringBootContextLoader', parent = [null]], attributes = map['org.springframework.test.context.web.ServletTestExecutionListener.activateListener' -> true]], class annotated with @DirtiesContext [false] with mode [null].
10:52:49.962 [main] DEBUG org.springframework.test.context.support.TestPropertySourceUtils - Adding inlined properties to environment: {spring.jmx.enabled=false, org.springframework.boot.test.context.SpringBootTestContextBootstrapper=true}

  .   ____          _            __ _ _
 /\\ / ___'_ __ _ _(_)_ __  __ _ \ \ \ \
( ( )\___ | '_ | '_| | '_ \/ _` | \ \ \ \
 \\/  ___)| |_)| | | | | || (_| |  ) ) ) )
  '  |____| .__|_| |_|_| |_\__, | / / / /
 =========|_|==============|___/=/_/_/_/
 :: Spring Boot ::                (v2.4.3)

2021-10-22 10:52:50.343  INFO 21264 --- [           main] c.e.A.AuthenticationApplicationTests     : Starting AuthenticationApplicationTests using Java 15.0.2 on DESKTOP-KPQ5G60 with PID 21264 (started by Prashi in C:\Users\Prashi\Downloads\Authentication-master)
2021-10-22 10:52:50.344  INFO 21264 --- [           main] c.e.A.AuthenticationApplicationTests     : No active profile set, falling back to default profiles: default
2021-10-22 10:52:50.410 DEBUG 21264 --- [           main] o.s.w.c.s.GenericWebApplicationContext   : Refreshing org.springframework.web.context.support.GenericWebApplicationContext@5cad8b7d
2021-10-22 10:52:51.743  INFO 21264 --- [           main] .s.d.r.c.RepositoryConfigurationDelegate : Bootstrapping Spring Data JPA repositories in DEFAULT mode.
2021-10-22 10:52:51.833  INFO 21264 --- [           main] .s.d.r.c.RepositoryConfigurationDelegate : Finished Spring Data repository scanning in 68 ms. Found 1 JPA repository interfaces.
2021-10-22 10:52:52.943  INFO 21264 --- [           main] o.hibernate.jpa.internal.util.LogHelper  : HHH000204: Processing PersistenceUnitInfo [name: default]
2021-10-22 10:52:53.145  INFO 21264 --- [           main] org.hibernate.Version                    : HHH000412: Hibernate ORM core version 5.4.28.Final
2021-10-22 10:52:53.495  INFO 21264 --- [           main] o.hibernate.annotations.common.Version   : HCANN000001: Hibernate Commons Annotations {5.1.2.Final}
2021-10-22 10:52:53.751  INFO 21264 --- [           main] com.zaxxer.hikari.HikariDataSource       : HikariPool-1 - Starting...
2021-10-22 10:52:54.448  INFO 21264 --- [           main] com.zaxxer.hikari.HikariDataSource       : HikariPool-1 - Start completed.
2021-10-22 10:52:54.513  INFO 21264 --- [           main] org.hibernate.dialect.Dialect            : HHH000400: Using dialect: org.hibernate.dialect.MySQL8Dialect
2021-10-22 10:52:57.495  INFO 21264 --- [           main] o.h.e.t.j.p.i.JtaPlatformInitiator       : HHH000490: Using JtaPlatform implementation: [org.hibernate.engine.transaction.jta.platform.internal.NoJtaPlatform]
2021-10-22 10:52:57.517  INFO 21264 --- [           main] j.LocalContainerEntityManagerFactoryBean : Initialized JPA EntityManagerFactory for persistence unit 'default'
2021-10-22 10:52:58.768  WARN 21264 --- [           main] JpaBaseConfiguration$JpaWebConfiguration : spring.jpa.open-in-view is enabled by default. Therefore, database queries may be performed during view rendering. Explicitly configure spring.jpa.open-in-view to disable this warning
2021-10-22 10:52:59.073  INFO 21264 --- [           main] o.s.s.concurrent.ThreadPoolTaskExecutor  : Initializing ExecutorService 'applicationTaskExecutor'
2021-10-22 10:52:59.199 DEBUG 21264 --- [           main] s.w.s.m.m.a.RequestMappingHandlerAdapter : ControllerAdvice beans: 0 @ModelAttribute, 0 @InitBinder, 1 RequestBodyAdvice, 1 ResponseBodyAdvice
2021-10-22 10:52:59.323 DEBUG 21264 --- [           main] s.w.s.m.m.a.RequestMappingHandlerMapping : 6 mappings in 'requestMappingHandlerMapping'
2021-10-22 10:52:59.542 DEBUG 21264 --- [           main] o.s.w.s.handler.SimpleUrlHandlerMapping  : Patterns [/webjars/**, /**] in 'resourceHandlerMapping'
2021-10-22 10:52:59.557 DEBUG 21264 --- [           main] .m.m.a.ExceptionHandlerExceptionResolver : ControllerAdvice beans: 0 @ExceptionHandler, 1 ResponseBodyAdvice
2021-10-22 10:53:00.117  INFO 21264 --- [           main] c.e.A.AuthenticationApplicationTests     : Started AuthenticationApplicationTests in 10.149 seconds (JVM running for 12.413)
]]></system-out>
  </testcase>
  <testcase name="checkAllUsers" classname="com.example.Authentication.AuthenticationApplicationTests" time="0.004"/>
  <testcase name="contextLoads" classname="com.example.Authentication.AuthenticationApplicationTests" time="0.001"/>
  <testcase name="testServiceCall" classname="com.example.Authentication.AuthenticationApplicationTests" time="0.01">
    <failure message="expected: not equal but was: &lt;0&gt;" type="org.opentest4j.AssertionFailedError"><![CDATA[org.opentest4j.AssertionFailedError: expected: not equal but was: <0>
	at com.example.Authentication.AuthenticationApplicationTests.testServiceCall(AuthenticationApplicationTests.java:33)
]]></failure>
  </testcase>
</testsuite>